c:\users\lenovo\source\repos\project184\project184\debug\vc142.pdb
c:\users\lenovo\source\repos\project184\project184\debug\vc142.idb
c:\users\lenovo\source\repos\project184\project184\debug\town.obj
c:\users\lenovo\source\repos\project184\project184\debug\source.obj
c:\users\lenovo\source\repos\project184\debug\project184.exe
c:\users\lenovo\source\repos\project184\debug\project184.ilk
c:\users\lenovo\source\repos\project184\debug\project184.pdb
c:\users\lenovo\desktop\uber\newuber\project184\debug\source.obj
c:\users\lenovo\desktop\uber\newuber\project184\debug\town.obj
c:\users\lenovo\desktop\uber\newuber\project184\debug\vc142.idb
c:\users\lenovo\desktop\uber\newuber\project184\debug\vc142.pdb
c:\users\lenovo\desktop\uber\newuber\debug\project184.pdb
c:\users\lenovo\desktop\uber\newuber\debug\project184.exe
c:\users\lenovo\desktop\uber\newuber\debug\project184.ilk
c:\users\lenovo\desktop\uber\newuber\project184\debug\project184.tlog\cl.command.1.tlog
c:\users\lenovo\desktop\uber\newuber\project184\debug\project184.tlog\cl.read.1.tlog
c:\users\lenovo\desktop\uber\newuber\project184\debug\project184.tlog\cl.write.1.tlog
c:\users\lenovo\desktop\uber\newuber\project184\debug\project184.tlog\link.command.1.tlog
c:\users\lenovo\desktop\uber\newuber\project184\debug\project184.tlog\link.read.1.tlog
c:\users\lenovo\desktop\uber\newuber\project184\debug\project184.tlog\link.write.1.tlog
